The target system is: Android - 1 - aarch64
The host system is: Linux - 5.15.79.1-microsoft-standard-WSL2 - x86_64
Determining if the C compiler works passed with the following output:
Change Dir: /home/oldpig123/lock_client/.buildozer/android/platform/build-arm64-v8a_armeabi-v7a/build/other_builds/jpeg/arm64-v8a__ndk_target_21/jpeg/CMakeFiles/CMakeTmp

Run Build Command(s):/usr/bin/make cmTC_5db31/fast && make -j12 -f CMakeFiles/cmTC_5db31.dir/build.make CMakeFiles/cmTC_5db31.dir/build
make[1]: Entering directory '/home/oldpig123/lock_client/.buildozer/android/platform/build-arm64-v8a_armeabi-v7a/build/other_builds/jpeg/arm64-v8a__ndk_target_21/jpeg/CMakeFiles/CMakeTmp'
Building C object CMakeFiles/cmTC_5db31.dir/testCCompiler.c.o
/home/oldpig123/.buildozer/android/platform/android-ndk-r23b/toolchains/llvm/prebuilt/linux-x86_64/bin/clang --target=aarch64-none-linux-android21 --gcc-toolchain=/home/oldpig123/.buildozer/android/platform/android-ndk-r23b/toolchains/llvm/prebuilt/linux-x86_64 --sysroot=/home/oldpig123/.buildozer/android/platform/android-ndk-r23b/toolchains/llvm/prebuilt/linux-x86_64/sysroot   -g -DANDROID -fdata-sections -ffunction-sections -funwind-tables -fstack-protector-strong -no-canonical-prefixes -D_FORTIFY_SOURCE=2 -Wformat -Werror=format-security   -fPIE   -o CMakeFiles/cmTC_5db31.dir/testCCompiler.c.o   -c /home/oldpig123/lock_client/.buildozer/android/platform/build-arm64-v8a_armeabi-v7a/build/other_builds/jpeg/arm64-v8a__ndk_target_21/jpeg/CMakeFiles/CMakeTmp/testCCompiler.c
Linking C executable cmTC_5db31
/usr/bin/cmake -E cmake_link_script CMakeFiles/cmTC_5db31.dir/link.txt --verbose=1
/home/oldpig123/.buildozer/android/platform/android-ndk-r23b/toolchains/llvm/prebuilt/linux-x86_64/bin/clang --target=aarch64-none-linux-android21 --gcc-toolchain=/home/oldpig123/.buildozer/android/platform/android-ndk-r23b/toolchains/llvm/prebuilt/linux-x86_64 --sysroot=/home/oldpig123/.buildozer/android/platform/android-ndk-r23b/toolchains/llvm/prebuilt/linux-x86_64/sysroot -g -DANDROID -fdata-sections -ffunction-sections -funwind-tables -fstack-protector-strong -no-canonical-prefixes -D_FORTIFY_SOURCE=2 -Wformat -Werror=format-security    -static-libstdc++ -Wl,--build-id=sha1 -Wl,--no-rosegment -Wl,--fatal-warnings -Wl,--no-undefined -Qunused-arguments -Wl,--gc-sections   CMakeFiles/cmTC_5db31.dir/testCCompiler.c.o  -o cmTC_5db31  -latomic -lm 
make[1]: Leaving directory '/home/oldpig123/lock_client/.buildozer/android/platform/build-arm64-v8a_armeabi-v7a/build/other_builds/jpeg/arm64-v8a__ndk_target_21/jpeg/CMakeFiles/CMakeTmp'



Detecting C compiler ABI info compiled with the following output:
Change Dir: /home/oldpig123/lock_client/.buildozer/android/platform/build-arm64-v8a_armeabi-v7a/build/other_builds/jpeg/arm64-v8a__ndk_target_21/jpeg/CMakeFiles/CMakeTmp

Run Build Command(s):/usr/bin/make cmTC_1fc96/fast && make -j12 -f CMakeFiles/cmTC_1fc96.dir/build.make CMakeFiles/cmTC_1fc96.dir/build
make[1]: Entering directory '/home/oldpig123/lock_client/.buildozer/android/platform/build-arm64-v8a_armeabi-v7a/build/other_builds/jpeg/arm64-v8a__ndk_target_21/jpeg/CMakeFiles/CMakeTmp'
Building C object CMakeFiles/cmTC_1fc96.dir/CMakeCCompilerABI.c.o
/home/oldpig123/.buildozer/android/platform/android-ndk-r23b/toolchains/llvm/prebuilt/linux-x86_64/bin/clang --target=aarch64-none-linux-android21 --gcc-toolchain=/home/oldpig123/.buildozer/android/platform/android-ndk-r23b/toolchains/llvm/prebuilt/linux-x86_64 --sysroot=/home/oldpig123/.buildozer/android/platform/android-ndk-r23b/toolchains/llvm/prebuilt/linux-x86_64/sysroot   -g -DANDROID -fdata-sections -ffunction-sections -funwind-tables -fstack-protector-strong -no-canonical-prefixes -D_FORTIFY_SOURCE=2 -Wformat -Werror=format-security   -fPIE   -v -o CMakeFiles/cmTC_1fc96.dir/CMakeCCompilerABI.c.o   -c /usr/share/cmake-3.16/Modules/CMakeCCompilerABI.c
Android (7714059, based on r416183c1) clang version 12.0.8 (https://android.googlesource.com/toolchain/llvm-project c935d99d7cf2016289302412d708641d52d2f7ee)
Target: aarch64-none-linux-android21
Thread model: posix
InstalledDir: /home/oldpig123/.buildozer/android/platform/android-ndk-r23b/toolchains/llvm/prebuilt/linux-x86_64/bin
Found candidate GCC installation: /home/oldpig123/.buildozer/android/platform/android-ndk-r23b/toolchains/llvm/prebuilt/linux-x86_64/lib/gcc/aarch64-linux-android/4.9.x
Selected GCC installation: /home/oldpig123/.buildozer/android/platform/android-ndk-r23b/toolchains/llvm/prebuilt/linux-x86_64/lib/gcc/aarch64-linux-android/4.9.x
Candidate multilib: .;@m64
Selected multilib: .;@m64
 (in-process)
 "/home/oldpig123/.buildozer/android/platform/android-ndk-r23b/toolchains/llvm/prebuilt/linux-x86_64/bin/clang" -cc1 -triple aarch64-none-linux-android21 -emit-obj -mrelax-all --mrelax-relocations -mnoexecstack -disable-free -disable-llvm-verifier -discard-value-names -main-file-name CMakeCCompilerABI.c -mrelocation-model pic -pic-level 2 -pic-is-pie -mframe-pointer=non-leaf -fno-rounding-math -mconstructor-aliases -munwind-tables -target-cpu generic -target-feature +neon -target-abi aapcs -mllvm -aarch64-fix-cortex-a53-835769=1 -fallow-half-arguments-and-returns -fno-split-dwarf-inlining -debug-info-kind=limited -dwarf-version=4 -debugger-tuning=gdb -v -ffunction-sections -fdata-sections -resource-dir /home/oldpig123/.buildozer/android/platform/android-ndk-r23b/toolchains/llvm/prebuilt/linux-x86_64/lib64/clang/12.0.8 -D ANDROID -D _FORTIFY_SOURCE=2 -isysroot /home/oldpig123/.buildozer/android/platform/android-ndk-r23b/toolchains/llvm/prebuilt/linux-x86_64/sysroot -internal-isystem /home/oldpig123/.buildozer/android/platform/android-ndk-r23b/toolchains/llvm/prebuilt/linux-x86_64/sysroot/usr/local/include -internal-isystem /home/oldpig123/.buildozer/android/platform/android-ndk-r23b/toolchains/llvm/prebuilt/linux-x86_64/lib64/clang/12.0.8/include -internal-externc-isystem /home/oldpig123/.buildozer/android/platform/android-ndk-r23b/toolchains/llvm/prebuilt/linux-x86_64/sysroot/usr/include/aarch64-linux-android -internal-externc-isystem /home/oldpig123/.buildozer/android/platform/android-ndk-r23b/toolchains/llvm/prebuilt/linux-x86_64/sysroot/include -internal-externc-isystem /home/oldpig123/.buildozer/android/platform/android-ndk-r23b/toolchains/llvm/prebuilt/linux-x86_64/sysroot/usr/include -Wformat -Werror=format-security -fdebug-compilation-dir /home/oldpig123/lock_client/.buildozer/android/platform/build-arm64-v8a_armeabi-v7a/build/other_builds/jpeg/arm64-v8a__ndk_target_21/jpeg/CMakeFiles/CMakeTmp -ferror-limit 19 -stack-protector 2 -fno-signed-char -fgnuc-version=4.2.1 -o CMakeFiles/cmTC_1fc96.dir/CMakeCCompilerABI.c.o -x c /usr/share/cmake-3.16/Modules/CMakeCCompilerABI.c
clang -cc1 version 12.0.8 based upon LLVM 12.0.8git default target x86_64-unknown-linux-gnu
ignoring nonexistent directory "/home/oldpig123/.buildozer/android/platform/android-ndk-r23b/toolchains/llvm/prebuilt/linux-x86_64/sysroot/include"
#include "..." search starts here:
#include <...> search starts here:
 /home/oldpig123/.buildozer/android/platform/android-ndk-r23b/toolchains/llvm/prebuilt/linux-x86_64/sysroot/usr/local/include
 /home/oldpig123/.buildozer/android/platform/android-ndk-r23b/toolchains/llvm/prebuilt/linux-x86_64/lib64/clang/12.0.8/include
 /home/oldpig123/.buildozer/android/platform/android-ndk-r23b/toolchains/llvm/prebuilt/linux-x86_64/sysroot/usr/include/aarch64-linux-android
 /home/oldpig123/.buildozer/android/platform/android-ndk-r23b/toolchains/llvm/prebuilt/linux-x86_64/sysroot/usr/include
End of search list.
Linking C executable cmTC_1fc96
/usr/bin/cmake -E cmake_link_script CMakeFiles/cmTC_1fc96.dir/link.txt --verbose=1
/home/oldpig123/.buildozer/android/platform/android-ndk-r23b/toolchains/llvm/prebuilt/linux-x86_64/bin/clang --target=aarch64-none-linux-android21 --gcc-toolchain=/home/oldpig123/.buildozer/android/platform/android-ndk-r23b/toolchains/llvm/prebuilt/linux-x86_64 --sysroot=/home/oldpig123/.buildozer/android/platform/android-ndk-r23b/toolchains/llvm/prebuilt/linux-x86_64/sysroot -g -DANDROID -fdata-sections -ffunction-sections -funwind-tables -fstack-protector-strong -no-canonical-prefixes -D_FORTIFY_SOURCE=2 -Wformat -Werror=format-security    -static-libstdc++ -Wl,--build-id=sha1 -Wl,--no-rosegment -Wl,--fatal-warnings -Wl,--no-undefined -Qunused-arguments -Wl,--gc-sections  -v CMakeFiles/cmTC_1fc96.dir/CMakeCCompilerABI.c.o  -o cmTC_1fc96 
Android (7714059, based on r416183c1) clang version 12.0.8 (https://android.googlesource.com/toolchain/llvm-project c935d99d7cf2016289302412d708641d52d2f7ee)
Target: aarch64-none-linux-android21
Thread model: posix
InstalledDir: /home/oldpig123/.buildozer/android/platform/android-ndk-r23b/toolchains/llvm/prebuilt/linux-x86_64/bin
Found candidate GCC installation: /home/oldpig123/.buildozer/android/platform/android-ndk-r23b/toolchains/llvm/prebuilt/linux-x86_64/lib/gcc/aarch64-linux-android/4.9.x
Selected GCC installation: /home/oldpig123/.buildozer/android/platform/android-ndk-r23b/toolchains/llvm/prebuilt/linux-x86_64/lib/gcc/aarch64-linux-android/4.9.x
Candidate multilib: .;@m64
Selected multilib: .;@m64
 "/home/oldpig123/.buildozer/android/platform/android-ndk-r23b/toolchains/llvm/prebuilt/linux-x86_64/bin/ld" --sysroot=/home/oldpig123/.buildozer/android/platform/android-ndk-r23b/toolchains/llvm/prebuilt/linux-x86_64/sysroot -pie -z noexecstack -EL --fix-cortex-a53-843419 --warn-shared-textrel -z now -z relro -z max-page-size=4096 --hash-style=gnu --hash-style=both --enable-new-dtags --eh-frame-hdr -m aarch64linux -dynamic-linker /system/bin/linker64 -o cmTC_1fc96 /home/oldpig123/.buildozer/android/platform/android-ndk-r23b/toolchains/llvm/prebuilt/linux-x86_64/sysroot/usr/lib/aarch64-linux-android/21/crtbegin_dynamic.o -L/home/oldpig123/.buildozer/android/platform/android-ndk-r23b/toolchains/llvm/prebuilt/linux-x86_64/lib64/clang/12.0.8/lib/linux/aarch64 -L/home/oldpig123/.buildozer/android/platform/android-ndk-r23b/toolchains/llvm/prebuilt/linux-x86_64/lib/gcc/aarch64-linux-android/4.9.x -L/home/oldpig123/.buildozer/android/platform/android-ndk-r23b/toolchains/llvm/prebuilt/linux-x86_64/sysroot/usr/lib/aarch64-linux-android/21 -L/home/oldpig123/.buildozer/android/platform/android-ndk-r23b/toolchains/llvm/prebuilt/linux-x86_64/sysroot/usr/lib/aarch64-linux-android -L/home/oldpig123/.buildozer/android/platform/android-ndk-r23b/toolchains/llvm/prebuilt/linux-x86_64/sysroot/usr/lib --build-id=sha1 --no-rosegment --fatal-warnings --no-undefined --gc-sections CMakeFiles/cmTC_1fc96.dir/CMakeCCompilerABI.c.o /home/oldpig123/.buildozer/android/platform/android-ndk-r23b/toolchains/llvm/prebuilt/linux-x86_64/lib64/clang/12.0.8/lib/linux/libclang_rt.builtins-aarch64-android.a -l:libunwind.a -ldl -lc /home/oldpig123/.buildozer/android/platform/android-ndk-r23b/toolchains/llvm/prebuilt/linux-x86_64/lib64/clang/12.0.8/lib/linux/libclang_rt.builtins-aarch64-android.a -l:libunwind.a -ldl /home/oldpig123/.buildozer/android/platform/android-ndk-r23b/toolchains/llvm/prebuilt/linux-x86_64/sysroot/usr/lib/aarch64-linux-android/21/crtend_android.o
make[1]: Leaving directory '/home/oldpig123/lock_client/.buildozer/android/platform/build-arm64-v8a_armeabi-v7a/build/other_builds/jpeg/arm64-v8a__ndk_target_21/jpeg/CMakeFiles/CMakeTmp'



Parsed C implicit include dir info from above output: rv=done
  found start of include info
  found start of implicit include info
    add: [/home/oldpig123/.buildozer/android/platform/android-ndk-r23b/toolchains/llvm/prebuilt/linux-x86_64/sysroot/usr/local/include]
    add: [/home/oldpig123/.buildozer/android/platform/android-ndk-r23b/toolchains/llvm/prebuilt/linux-x86_64/lib64/clang/12.0.8/include]
    add: [/home/oldpig123/.buildozer/android/platform/android-ndk-r23b/toolchains/llvm/prebuilt/linux-x86_64/sysroot/usr/include/aarch64-linux-android]
    add: [/home/oldpig123/.buildozer/android/platform/android-ndk-r23b/toolchains/llvm/prebuilt/linux-x86_64/sysroot/usr/include]
  end of search list found
  collapse include dir [/home/oldpig123/.buildozer/android/platform/android-ndk-r23b/toolchains/llvm/prebuilt/linux-x86_64/sysroot/usr/local/include] ==> [/home/oldpig123/.buildozer/android/platform/android-ndk-r23b/toolchains/llvm/prebuilt/linux-x86_64/sysroot/usr/local/include]
  collapse include dir [/home/oldpig123/.buildozer/android/platform/android-ndk-r23b/toolchains/llvm/prebuilt/linux-x86_64/lib64/clang/12.0.8/include] ==> [/home/oldpig123/.buildozer/android/platform/android-ndk-r23b/toolchains/llvm/prebuilt/linux-x86_64/lib64/clang/12.0.8/include]
  collapse include dir [/home/oldpig123/.buildozer/android/platform/android-ndk-r23b/toolchains/llvm/prebuilt/linux-x86_64/sysroot/usr/include/aarch64-linux-android] ==> [/home/oldpig123/.buildozer/android/platform/android-ndk-r23b/toolchains/llvm/prebuilt/linux-x86_64/sysroot/usr/include/aarch64-linux-android]
  collapse include dir [/home/oldpig123/.buildozer/android/platform/android-ndk-r23b/toolchains/llvm/prebuilt/linux-x86_64/sysroot/usr/include] ==> [/home/oldpig123/.buildozer/android/platform/android-ndk-r23b/toolchains/llvm/prebuilt/linux-x86_64/sysroot/usr/include]
  implicit include dirs: [/home/oldpig123/.buildozer/android/platform/android-ndk-r23b/toolchains/llvm/prebuilt/linux-x86_64/sysroot/usr/local/include;/home/oldpig123/.buildozer/android/platform/android-ndk-r23b/toolchains/llvm/prebuilt/linux-x86_64/lib64/clang/12.0.8/include;/home/oldpig123/.buildozer/android/platform/android-ndk-r23b/toolchains/llvm/prebuilt/linux-x86_64/sysroot/usr/include/aarch64-linux-android;/home/oldpig123/.buildozer/android/platform/android-ndk-r23b/toolchains/llvm/prebuilt/linux-x86_64/sysroot/usr/include]


Parsed C implicit link information from above output:
  link line regex: [^( *|.*[/\])(ld\.lld|CMAKE_LINK_STARTFILE-NOTFOUND|([^/\]+-)?ld|collect2)[^/\]*( |$)]
  ignore line: [Change Dir: /home/oldpig123/lock_client/.buildozer/android/platform/build-arm64-v8a_armeabi-v7a/build/other_builds/jpeg/arm64-v8a__ndk_target_21/jpeg/CMakeFiles/CMakeTmp]
  ignore line: []
  ignore line: [Run Build Command(s):/usr/bin/make cmTC_1fc96/fast && make -j12 -f CMakeFiles/cmTC_1fc96.dir/build.make CMakeFiles/cmTC_1fc96.dir/build]
  ignore line: [make[1]: Entering directory '/home/oldpig123/lock_client/.buildozer/android/platform/build-arm64-v8a_armeabi-v7a/build/other_builds/jpeg/arm64-v8a__ndk_target_21/jpeg/CMakeFiles/CMakeTmp']
  ignore line: [Building C object CMakeFiles/cmTC_1fc96.dir/CMakeCCompilerABI.c.o]
  ignore line: [/home/oldpig123/.buildozer/android/platform/android-ndk-r23b/toolchains/llvm/prebuilt/linux-x86_64/bin/clang --target=aarch64-none-linux-android21 --gcc-toolchain=/home/oldpig123/.buildozer/android/platform/android-ndk-r23b/toolchains/llvm/prebuilt/linux-x86_64 --sysroot=/home/oldpig123/.buildozer/android/platform/android-ndk-r23b/toolchains/llvm/prebuilt/linux-x86_64/sysroot   -g -DANDROID -fdata-sections -ffunction-sections -funwind-tables -fstack-protector-strong -no-canonical-prefixes -D_FORTIFY_SOURCE=2 -Wformat -Werror=format-security   -fPIE   -v -o CMakeFiles/cmTC_1fc96.dir/CMakeCCompilerABI.c.o   -c /usr/share/cmake-3.16/Modules/CMakeCCompilerABI.c]
  ignore line: [Android (7714059  based on r416183c1) clang version 12.0.8 (https://android.googlesource.com/toolchain/llvm-project c935d99d7cf2016289302412d708641d52d2f7ee)]
  ignore line: [Target: aarch64-none-linux-android21]
  ignore line: [Thread model: posix]
  ignore line: [InstalledDir: /home/oldpig123/.buildozer/android/platform/android-ndk-r23b/toolchains/llvm/prebuilt/linux-x86_64/bin]
  ignore line: [Found candidate GCC installation: /home/oldpig123/.buildozer/android/platform/android-ndk-r23b/toolchains/llvm/prebuilt/linux-x86_64/lib/gcc/aarch64-linux-android/4.9.x]
  ignore line: [Selected GCC installation: /home/oldpig123/.buildozer/android/platform/android-ndk-r23b/toolchains/llvm/prebuilt/linux-x86_64/lib/gcc/aarch64-linux-android/4.9.x]
  ignore line: [Candidate multilib: .]
  ignore line: [@m64]
  ignore line: [Selected multilib: .]
  ignore line: [@m64]
  ignore line: [ (in-process)]
  ignore line: [ "/home/oldpig123/.buildozer/android/platform/android-ndk-r23b/toolchains/llvm/prebuilt/linux-x86_64/bin/clang" -cc1 -triple aarch64-none-linux-android21 -emit-obj -mrelax-all --mrelax-relocations -mnoexecstack -disable-free -disable-llvm-verifier -discard-value-names -main-file-name CMakeCCompilerABI.c -mrelocation-model pic -pic-level 2 -pic-is-pie -mframe-pointer=non-leaf -fno-rounding-math -mconstructor-aliases -munwind-tables -target-cpu generic -target-feature +neon -target-abi aapcs -mllvm -aarch64-fix-cortex-a53-835769=1 -fallow-half-arguments-and-returns -fno-split-dwarf-inlining -debug-info-kind=limited -dwarf-version=4 -debugger-tuning=gdb -v -ffunction-sections -fdata-sections -resource-dir /home/oldpig123/.buildozer/android/platform/android-ndk-r23b/toolchains/llvm/prebuilt/linux-x86_64/lib64/clang/12.0.8 -D ANDROID -D _FORTIFY_SOURCE=2 -isysroot /home/oldpig123/.buildozer/android/platform/android-ndk-r23b/toolchains/llvm/prebuilt/linux-x86_64/sysroot -internal-isystem /home/oldpig123/.buildozer/android/platform/android-ndk-r23b/toolchains/llvm/prebuilt/linux-x86_64/sysroot/usr/local/include -internal-isystem /home/oldpig123/.buildozer/android/platform/android-ndk-r23b/toolchains/llvm/prebuilt/linux-x86_64/lib64/clang/12.0.8/include -internal-externc-isystem /home/oldpig123/.buildozer/android/platform/android-ndk-r23b/toolchains/llvm/prebuilt/linux-x86_64/sysroot/usr/include/aarch64-linux-android -internal-externc-isystem /home/oldpig123/.buildozer/android/platform/android-ndk-r23b/toolchains/llvm/prebuilt/linux-x86_64/sysroot/include -internal-externc-isystem /home/oldpig123/.buildozer/android/platform/android-ndk-r23b/toolchains/llvm/prebuilt/linux-x86_64/sysroot/usr/include -Wformat -Werror=format-security -fdebug-compilation-dir /home/oldpig123/lock_client/.buildozer/android/platform/build-arm64-v8a_armeabi-v7a/build/other_builds/jpeg/arm64-v8a__ndk_target_21/jpeg/CMakeFiles/CMakeTmp -ferror-limit 19 -stack-protector 2 -fno-signed-char -fgnuc-version=4.2.1 -o CMakeFiles/cmTC_1fc96.dir/CMakeCCompilerABI.c.o -x c /usr/share/cmake-3.16/Modules/CMakeCCompilerABI.c]
  ignore line: [clang -cc1 version 12.0.8 based upon LLVM 12.0.8git default target x86_64-unknown-linux-gnu]
  ignore line: [ignoring nonexistent directory "/home/oldpig123/.buildozer/android/platform/android-ndk-r23b/toolchains/llvm/prebuilt/linux-x86_64/sysroot/include"]
  ignore line: [#include "..." search starts here:]
  ignore line: [#include <...> search starts here:]
  ignore line: [ /home/oldpig123/.buildozer/android/platform/android-ndk-r23b/toolchains/llvm/prebuilt/linux-x86_64/sysroot/usr/local/include]
  ignore line: [ /home/oldpig123/.buildozer/android/platform/android-ndk-r23b/toolchains/llvm/prebuilt/linux-x86_64/lib64/clang/12.0.8/include]
  ignore line: [ /home/oldpig123/.buildozer/android/platform/android-ndk-r23b/toolchains/llvm/prebuilt/linux-x86_64/sysroot/usr/include/aarch64-linux-android]
  ignore line: [ /home/oldpig123/.buildozer/android/platform/android-ndk-r23b/toolchains/llvm/prebuilt/linux-x86_64/sysroot/usr/include]
  ignore line: [End of search list.]
  ignore line: [Linking C executable cmTC_1fc96]
  ignore line: [/usr/bin/cmake -E cmake_link_script CMakeFiles/cmTC_1fc96.dir/link.txt --verbose=1]
  ignore line: [/home/oldpig123/.buildozer/android/platform/android-ndk-r23b/toolchains/llvm/prebuilt/linux-x86_64/bin/clang --target=aarch64-none-linux-android21 --gcc-toolchain=/home/oldpig123/.buildozer/android/platform/android-ndk-r23b/toolchains/llvm/prebuilt/linux-x86_64 --sysroot=/home/oldpig123/.buildozer/android/platform/android-ndk-r23b/toolchains/llvm/prebuilt/linux-x86_64/sysroot -g -DANDROID -fdata-sections -ffunction-sections -funwind-tables -fstack-protector-strong -no-canonical-prefixes -D_FORTIFY_SOURCE=2 -Wformat -Werror=format-security    -static-libstdc++ -Wl --build-id=sha1 -Wl --no-rosegment -Wl --fatal-warnings -Wl --no-undefined -Qunused-arguments -Wl --gc-sections  -v CMakeFiles/cmTC_1fc96.dir/CMakeCCompilerABI.c.o  -o cmTC_1fc96 ]
  ignore line: [Android (7714059  based on r416183c1) clang version 12.0.8 (https://android.googlesource.com/toolchain/llvm-project c935d99d7cf2016289302412d708641d52d2f7ee)]
  ignore line: [Target: aarch64-none-linux-android21]
  ignore line: [Thread model: posix]
  ignore line: [InstalledDir: /home/oldpig123/.buildozer/android/platform/android-ndk-r23b/toolchains/llvm/prebuilt/linux-x86_64/bin]
  ignore line: [Found candidate GCC installation: /home/oldpig123/.buildozer/android/platform/android-ndk-r23b/toolchains/llvm/prebuilt/linux-x86_64/lib/gcc/aarch64-linux-android/4.9.x]
  ignore line: [Selected GCC installation: /home/oldpig123/.buildozer/android/platform/android-ndk-r23b/toolchains/llvm/prebuilt/linux-x86_64/lib/gcc/aarch64-linux-android/4.9.x]
  ignore line: [Candidate multilib: .]
  ignore line: [@m64]
  ignore line: [Selected multilib: .]
  ignore line: [@m64]
  link line: [ "/home/oldpig123/.buildozer/android/platform/android-ndk-r23b/toolchains/llvm/prebuilt/linux-x86_64/bin/ld" --sysroot=/home/oldpig123/.buildozer/android/platform/android-ndk-r23b/toolchains/llvm/prebuilt/linux-x86_64/sysroot -pie -z noexecstack -EL --fix-cortex-a53-843419 --warn-shared-textrel -z now -z relro -z max-page-size=4096 --hash-style=gnu --hash-style=both --enable-new-dtags --eh-frame-hdr -m aarch64linux -dynamic-linker /system/bin/linker64 -o cmTC_1fc96 /home/oldpig123/.buildozer/android/platform/android-ndk-r23b/toolchains/llvm/prebuilt/linux-x86_64/sysroot/usr/lib/aarch64-linux-android/21/crtbegin_dynamic.o -L/home/oldpig123/.buildozer/android/platform/android-ndk-r23b/toolchains/llvm/prebuilt/linux-x86_64/lib64/clang/12.0.8/lib/linux/aarch64 -L/home/oldpig123/.buildozer/android/platform/android-ndk-r23b/toolchains/llvm/prebuilt/linux-x86_64/lib/gcc/aarch64-linux-android/4.9.x -L/home/oldpig123/.buildozer/android/platform/android-ndk-r23b/toolchains/llvm/prebuilt/linux-x86_64/sysroot/usr/lib/aarch64-linux-android/21 -L/home/oldpig123/.buildozer/android/platform/android-ndk-r23b/toolchains/llvm/prebuilt/linux-x86_64/sysroot/usr/lib/aarch64-linux-android -L/home/oldpig123/.buildozer/android/platform/android-ndk-r23b/toolchains/llvm/prebuilt/linux-x86_64/sysroot/usr/lib --build-id=sha1 --no-rosegment --fatal-warnings --no-undefined --gc-sections CMakeFiles/cmTC_1fc96.dir/CMakeCCompilerABI.c.o /home/oldpig123/.buildozer/android/platform/android-ndk-r23b/toolchains/llvm/prebuilt/linux-x86_64/lib64/clang/12.0.8/lib/linux/libclang_rt.builtins-aarch64-android.a -l:libunwind.a -ldl -lc /home/oldpig123/.buildozer/android/platform/android-ndk-r23b/toolchains/llvm/prebuilt/linux-x86_64/lib64/clang/12.0.8/lib/linux/libclang_rt.builtins-aarch64-android.a -l:libunwind.a -ldl /home/oldpig123/.buildozer/android/platform/android-ndk-r23b/toolchains/llvm/prebuilt/linux-x86_64/sysroot/usr/lib/aarch64-linux-android/21/crtend_android.o]
    arg [/home/oldpig123/.buildozer/android/platform/android-ndk-r23b/toolchains/llvm/prebuilt/linux-x86_64/bin/ld] ==> ignore
    arg [--sysroot=/home/oldpig123/.buildozer/android/platform/android-ndk-r23b/toolchains/llvm/prebuilt/linux-x86_64/sysroot] ==> ignore
    arg [-pie] ==> ignore
    arg [-znoexecstack] ==> ignore
    arg [-EL] ==> ignore
    arg [--fix-cortex-a53-843419] ==> ignore
    arg [--warn-shared-textrel] ==> ignore
    arg [-znow] ==> ignore
    arg [-zrelro] ==> ignore
    arg [-zmax-page-size=4096] ==> ignore
    arg [--hash-style=gnu] ==> ignore
    arg [--hash-style=both] ==> ignore
    arg [--enable-new-dtags] ==> ignore
    arg [--eh-frame-hdr] ==> ignore
    arg [-m] ==> ignore
    arg [aarch64linux] ==> ignore
    arg [-dynamic-linker] ==> ignore
    arg [/system/bin/linker64] ==> ignore
    arg [-o] ==> ignore
    arg [cmTC_1fc96] ==> ignore
    arg [/home/oldpig123/.buildozer/android/platform/android-ndk-r23b/toolchains/llvm/prebuilt/linux-x86_64/sysroot/usr/lib/aarch64-linux-android/21/crtbegin_dynamic.o] ==> ignore
    arg [-L/home/oldpig123/.buildozer/android/platform/android-ndk-r23b/toolchains/llvm/prebuilt/linux-x86_64/lib64/clang/12.0.8/lib/linux/aarch64] ==> dir [/home/oldpig123/.buildozer/android/platform/android-ndk-r23b/toolchains/llvm/prebuilt/linux-x86_64/lib64/clang/12.0.8/lib/linux/aarch64]
    arg [-L/home/oldpig123/.buildozer/android/platform/android-ndk-r23b/toolchains/llvm/prebuilt/linux-x86_64/lib/gcc/aarch64-linux-android/4.9.x] ==> dir [/home/oldpig123/.buildozer/android/platform/android-ndk-r23b/toolchains/llvm/prebuilt/linux-x86_64/lib/gcc/aarch64-linux-android/4.9.x]
    arg [-L/home/oldpig123/.buildozer/android/platform/android-ndk-r23b/toolchains/llvm/prebuilt/linux-x86_64/sysroot/usr/lib/aarch64-linux-android/21] ==> dir [/home/oldpig123/.buildozer/android/platform/android-ndk-r23b/toolchains/llvm/prebuilt/linux-x86_64/sysroot/usr/lib/aarch64-linux-android/21]
    arg [-L/home/oldpig123/.buildozer/android/platform/android-ndk-r23b/toolchains/llvm/prebuilt/linux-x86_64/sysroot/usr/lib/aarch64-linux-android] ==> dir [/home/oldpig123/.buildozer/android/platform/android-ndk-r23b/toolchains/llvm/prebuilt/linux-x86_64/sysroot/usr/lib/aarch64-linux-android]
    arg [-L/home/oldpig123/.buildozer/android/platform/android-ndk-r23b/toolchains/llvm/prebuilt/linux-x86_64/sysroot/usr/lib] ==> dir [/home/oldpig123/.buildozer/android/platform/android-ndk-r23b/toolchains/llvm/prebuilt/linux-x86_64/sysroot/usr/lib]
    arg [--build-id=sha1] ==> ignore
    arg [--no-rosegment] ==> ignore
    arg [--fatal-warnings] ==> ignore
    arg [--no-undefined] ==> ignore
    arg [--gc-sections] ==> ignore
    arg [CMakeFiles/cmTC_1fc96.dir/CMakeCCompilerABI.c.o] ==> ignore
    arg [/home/oldpig123/.buildozer/android/platform/android-ndk-r23b/toolchains/llvm/prebuilt/linux-x86_64/lib64/clang/12.0.8/lib/linux/libclang_rt.builtins-aarch64-android.a] ==> lib [/home/oldpig123/.buildozer/android/platform/android-ndk-r23b/toolchains/llvm/prebuilt/linux-x86_64/lib64/clang/12.0.8/lib/linux/libclang_rt.builtins-aarch64-android.a]
    arg [-l:libunwind.a] ==> lib [-l:libunwind.a]
    arg [-ldl] ==> lib [dl]
    arg [-lc] ==> lib [c]
    arg [/home/oldpig123/.buildozer/android/platform/android-ndk-r23b/toolchains/llvm/prebuilt/linux-x86_64/lib64/clang/12.0.8/lib/linux/libclang_rt.builtins-aarch64-android.a] ==> lib [/home/oldpig123/.buildozer/android/platform/android-ndk-r23b/toolchains/llvm/prebuilt/linux-x86_64/lib64/clang/12.0.8/lib/linux/libclang_rt.builtins-aarch64-android.a]
    arg [-l:libunwind.a] ==> lib [-l:libunwind.a]
    arg [-ldl] ==> lib [dl]
    arg [/home/oldpig123/.buildozer/android/platform/android-ndk-r23b/toolchains/llvm/prebuilt/linux-x86_64/sysroot/usr/lib/aarch64-linux-android/21/crtend_android.o] ==> ignore
  remove lib [/home/oldpig123/.buildozer/android/platform/android-ndk-r23b/toolchains/llvm/prebuilt/linux-x86_64/lib64/clang/12.0.8/lib/linux/libclang_rt.builtins-aarch64-android.a]
  remove lib [/home/oldpig123/.buildozer/android/platform/android-ndk-r23b/toolchains/llvm/prebuilt/linux-x86_64/lib64/clang/12.0.8/lib/linux/libclang_rt.builtins-aarch64-android.a]
  collapse library dir [/home/oldpig123/.buildozer/android/platform/android-ndk-r23b/toolchains/llvm/prebuilt/linux-x86_64/lib64/clang/12.0.8/lib/linux/aarch64] ==> [/home/oldpig123/.buildozer/android/platform/android-ndk-r23b/toolchains/llvm/prebuilt/linux-x86_64/lib64/clang/12.0.8/lib/linux/aarch64]
  collapse library dir [/home/oldpig123/.buildozer/android/platform/android-ndk-r23b/toolchains/llvm/prebuilt/linux-x86_64/lib/gcc/aarch64-linux-android/4.9.x] ==> [/home/oldpig123/.buildozer/android/platform/android-ndk-r23b/toolchains/llvm/prebuilt/linux-x86_64/lib/gcc/aarch64-linux-android/4.9.x]
  collapse library dir [/home/oldpig123/.buildozer/android/platform/android-ndk-r23b/toolchains/llvm/prebuilt/linux-x86_64/sysroot/usr/lib/aarch64-linux-android/21] ==> [/home/oldpig123/.buildozer/android/platform/android-ndk-r23b/toolchains/llvm/prebuilt/linux-x86_64/sysroot/usr/lib/aarch64-linux-android/21]
  collapse library dir [/home/oldpig123/.buildozer/android/platform/android-ndk-r23b/toolchains/llvm/prebuilt/linux-x86_64/sysroot/usr/lib/aarch64-linux-android] ==> [/home/oldpig123/.buildozer/android/platform/android-ndk-r23b/toolchains/llvm/prebuilt/linux-x86_64/sysroot/usr/lib/aarch64-linux-android]
  collapse library dir [/home/oldpig123/.buildozer/android/platform/android-ndk-r23b/toolchains/llvm/prebuilt/linux-x86_64/sysroot/usr/lib] ==> [/home/oldpig123/.buildozer/android/platform/android-ndk-r23b/toolchains/llvm/prebuilt/linux-x86_64/sysroot/usr/lib]
  implicit libs: [-l:libunwind.a;dl;c;-l:libunwind.a;dl]
  implicit dirs: [/home/oldpig123/.buildozer/android/platform/android-ndk-r23b/toolchains/llvm/prebuilt/linux-x86_64/lib64/clang/12.0.8/lib/linux/aarch64;/home/oldpig123/.buildozer/android/platform/android-ndk-r23b/toolchains/llvm/prebuilt/linux-x86_64/lib/gcc/aarch64-linux-android/4.9.x;/home/oldpig123/.buildozer/android/platform/android-ndk-r23b/toolchains/llvm/prebuilt/linux-x86_64/sysroot/usr/lib/aarch64-linux-android/21;/home/oldpig123/.buildozer/android/platform/android-ndk-r23b/toolchains/llvm/prebuilt/linux-x86_64/sysroot/usr/lib/aarch64-linux-android;/home/oldpig123/.buildozer/android/platform/android-ndk-r23b/toolchains/llvm/prebuilt/linux-x86_64/sysroot/usr/lib]
  implicit fwks: []


Determining if the include file sys/types.h exists passed with the following output:
Change Dir: /home/oldpig123/lock_client/.buildozer/android/platform/build-arm64-v8a_armeabi-v7a/build/other_builds/jpeg/arm64-v8a__ndk_target_21/jpeg/CMakeFiles/CMakeTmp

Run Build Command(s):/usr/bin/make cmTC_02aeb/fast && make -j12 -f CMakeFiles/cmTC_02aeb.dir/build.make CMakeFiles/cmTC_02aeb.dir/build
make[1]: Entering directory '/home/oldpig123/lock_client/.buildozer/android/platform/build-arm64-v8a_armeabi-v7a/build/other_builds/jpeg/arm64-v8a__ndk_target_21/jpeg/CMakeFiles/CMakeTmp'
Building C object CMakeFiles/cmTC_02aeb.dir/CheckIncludeFile.c.o
/home/oldpig123/.buildozer/android/platform/android-ndk-r23b/toolchains/llvm/prebuilt/linux-x86_64/bin/clang --target=aarch64-none-linux-android21 --gcc-toolchain=/home/oldpig123/.buildozer/android/platform/android-ndk-r23b/toolchains/llvm/prebuilt/linux-x86_64 --sysroot=/home/oldpig123/.buildozer/android/platform/android-ndk-r23b/toolchains/llvm/prebuilt/linux-x86_64/sysroot   -g -DANDROID -fdata-sections -ffunction-sections -funwind-tables -fstack-protector-strong -no-canonical-prefixes -D_FORTIFY_SOURCE=2 -Wformat -Werror=format-security   -fPIE   -o CMakeFiles/cmTC_02aeb.dir/CheckIncludeFile.c.o   -c /home/oldpig123/lock_client/.buildozer/android/platform/build-arm64-v8a_armeabi-v7a/build/other_builds/jpeg/arm64-v8a__ndk_target_21/jpeg/CMakeFiles/CMakeTmp/CheckIncludeFile.c
Linking C executable cmTC_02aeb
/usr/bin/cmake -E cmake_link_script CMakeFiles/cmTC_02aeb.dir/link.txt --verbose=1
/home/oldpig123/.buildozer/android/platform/android-ndk-r23b/toolchains/llvm/prebuilt/linux-x86_64/bin/clang --target=aarch64-none-linux-android21 --gcc-toolchain=/home/oldpig123/.buildozer/android/platform/android-ndk-r23b/toolchains/llvm/prebuilt/linux-x86_64 --sysroot=/home/oldpig123/.buildozer/android/platform/android-ndk-r23b/toolchains/llvm/prebuilt/linux-x86_64/sysroot -g -DANDROID -fdata-sections -ffunction-sections -funwind-tables -fstack-protector-strong -no-canonical-prefixes -D_FORTIFY_SOURCE=2 -Wformat -Werror=format-security    -static-libstdc++ -Wl,--build-id=sha1 -Wl,--no-rosegment -Wl,--fatal-warnings -Wl,--no-undefined -Qunused-arguments -Wl,--gc-sections   CMakeFiles/cmTC_02aeb.dir/CheckIncludeFile.c.o  -o cmTC_02aeb  -latomic -lm 
make[1]: Leaving directory '/home/oldpig123/lock_client/.buildozer/android/platform/build-arm64-v8a_armeabi-v7a/build/other_builds/jpeg/arm64-v8a__ndk_target_21/jpeg/CMakeFiles/CMakeTmp'



Determining if the include file stdint.h exists passed with the following output:
Change Dir: /home/oldpig123/lock_client/.buildozer/android/platform/build-arm64-v8a_armeabi-v7a/build/other_builds/jpeg/arm64-v8a__ndk_target_21/jpeg/CMakeFiles/CMakeTmp

Run Build Command(s):/usr/bin/make cmTC_80df6/fast && make -j12 -f CMakeFiles/cmTC_80df6.dir/build.make CMakeFiles/cmTC_80df6.dir/build
make[1]: Entering directory '/home/oldpig123/lock_client/.buildozer/android/platform/build-arm64-v8a_armeabi-v7a/build/other_builds/jpeg/arm64-v8a__ndk_target_21/jpeg/CMakeFiles/CMakeTmp'
Building C object CMakeFiles/cmTC_80df6.dir/CheckIncludeFile.c.o
/home/oldpig123/.buildozer/android/platform/android-ndk-r23b/toolchains/llvm/prebuilt/linux-x86_64/bin/clang --target=aarch64-none-linux-android21 --gcc-toolchain=/home/oldpig123/.buildozer/android/platform/android-ndk-r23b/toolchains/llvm/prebuilt/linux-x86_64 --sysroot=/home/oldpig123/.buildozer/android/platform/android-ndk-r23b/toolchains/llvm/prebuilt/linux-x86_64/sysroot   -g -DANDROID -fdata-sections -ffunction-sections -funwind-tables -fstack-protector-strong -no-canonical-prefixes -D_FORTIFY_SOURCE=2 -Wformat -Werror=format-security   -fPIE   -o CMakeFiles/cmTC_80df6.dir/CheckIncludeFile.c.o   -c /home/oldpig123/lock_client/.buildozer/android/platform/build-arm64-v8a_armeabi-v7a/build/other_builds/jpeg/arm64-v8a__ndk_target_21/jpeg/CMakeFiles/CMakeTmp/CheckIncludeFile.c
Linking C executable cmTC_80df6
/usr/bin/cmake -E cmake_link_script CMakeFiles/cmTC_80df6.dir/link.txt --verbose=1
/home/oldpig123/.buildozer/android/platform/android-ndk-r23b/toolchains/llvm/prebuilt/linux-x86_64/bin/clang --target=aarch64-none-linux-android21 --gcc-toolchain=/home/oldpig123/.buildozer/android/platform/android-ndk-r23b/toolchains/llvm/prebuilt/linux-x86_64 --sysroot=/home/oldpig123/.buildozer/android/platform/android-ndk-r23b/toolchains/llvm/prebuilt/linux-x86_64/sysroot -g -DANDROID -fdata-sections -ffunction-sections -funwind-tables -fstack-protector-strong -no-canonical-prefixes -D_FORTIFY_SOURCE=2 -Wformat -Werror=format-security    -static-libstdc++ -Wl,--build-id=sha1 -Wl,--no-rosegment -Wl,--fatal-warnings -Wl,--no-undefined -Qunused-arguments -Wl,--gc-sections   CMakeFiles/cmTC_80df6.dir/CheckIncludeFile.c.o  -o cmTC_80df6  -latomic -lm 
make[1]: Leaving directory '/home/oldpig123/lock_client/.buildozer/android/platform/build-arm64-v8a_armeabi-v7a/build/other_builds/jpeg/arm64-v8a__ndk_target_21/jpeg/CMakeFiles/CMakeTmp'



Determining if the include file stddef.h exists passed with the following output:
Change Dir: /home/oldpig123/lock_client/.buildozer/android/platform/build-arm64-v8a_armeabi-v7a/build/other_builds/jpeg/arm64-v8a__ndk_target_21/jpeg/CMakeFiles/CMakeTmp

Run Build Command(s):/usr/bin/make cmTC_1e3f1/fast && make -j12 -f CMakeFiles/cmTC_1e3f1.dir/build.make CMakeFiles/cmTC_1e3f1.dir/build
make[1]: Entering directory '/home/oldpig123/lock_client/.buildozer/android/platform/build-arm64-v8a_armeabi-v7a/build/other_builds/jpeg/arm64-v8a__ndk_target_21/jpeg/CMakeFiles/CMakeTmp'
Building C object CMakeFiles/cmTC_1e3f1.dir/CheckIncludeFile.c.o
/home/oldpig123/.buildozer/android/platform/android-ndk-r23b/toolchains/llvm/prebuilt/linux-x86_64/bin/clang --target=aarch64-none-linux-android21 --gcc-toolchain=/home/oldpig123/.buildozer/android/platform/android-ndk-r23b/toolchains/llvm/prebuilt/linux-x86_64 --sysroot=/home/oldpig123/.buildozer/android/platform/android-ndk-r23b/toolchains/llvm/prebuilt/linux-x86_64/sysroot   -g -DANDROID -fdata-sections -ffunction-sections -funwind-tables -fstack-protector-strong -no-canonical-prefixes -D_FORTIFY_SOURCE=2 -Wformat -Werror=format-security   -fPIE   -o CMakeFiles/cmTC_1e3f1.dir/CheckIncludeFile.c.o   -c /home/oldpig123/lock_client/.buildozer/android/platform/build-arm64-v8a_armeabi-v7a/build/other_builds/jpeg/arm64-v8a__ndk_target_21/jpeg/CMakeFiles/CMakeTmp/CheckIncludeFile.c
Linking C executable cmTC_1e3f1
/usr/bin/cmake -E cmake_link_script CMakeFiles/cmTC_1e3f1.dir/link.txt --verbose=1
/home/oldpig123/.buildozer/android/platform/android-ndk-r23b/toolchains/llvm/prebuilt/linux-x86_64/bin/clang --target=aarch64-none-linux-android21 --gcc-toolchain=/home/oldpig123/.buildozer/android/platform/android-ndk-r23b/toolchains/llvm/prebuilt/linux-x86_64 --sysroot=/home/oldpig123/.buildozer/android/platform/android-ndk-r23b/toolchains/llvm/prebuilt/linux-x86_64/sysroot -g -DANDROID -fdata-sections -ffunction-sections -funwind-tables -fstack-protector-strong -no-canonical-prefixes -D_FORTIFY_SOURCE=2 -Wformat -Werror=format-security    -static-libstdc++ -Wl,--build-id=sha1 -Wl,--no-rosegment -Wl,--fatal-warnings -Wl,--no-undefined -Qunused-arguments -Wl,--gc-sections   CMakeFiles/cmTC_1e3f1.dir/CheckIncludeFile.c.o  -o cmTC_1e3f1  -latomic -lm 
make[1]: Leaving directory '/home/oldpig123/lock_client/.buildozer/android/platform/build-arm64-v8a_armeabi-v7a/build/other_builds/jpeg/arm64-v8a__ndk_target_21/jpeg/CMakeFiles/CMakeTmp'



Determining size of size_t passed with the following output:
Change Dir: /home/oldpig123/lock_client/.buildozer/android/platform/build-arm64-v8a_armeabi-v7a/build/other_builds/jpeg/arm64-v8a__ndk_target_21/jpeg/CMakeFiles/CMakeTmp

Run Build Command(s):/usr/bin/make cmTC_042e9/fast && make -j12 -f CMakeFiles/cmTC_042e9.dir/build.make CMakeFiles/cmTC_042e9.dir/build
make[1]: Entering directory '/home/oldpig123/lock_client/.buildozer/android/platform/build-arm64-v8a_armeabi-v7a/build/other_builds/jpeg/arm64-v8a__ndk_target_21/jpeg/CMakeFiles/CMakeTmp'
Building C object CMakeFiles/cmTC_042e9.dir/SIZE_T.c.o
/home/oldpig123/.buildozer/android/platform/android-ndk-r23b/toolchains/llvm/prebuilt/linux-x86_64/bin/clang --target=aarch64-none-linux-android21 --gcc-toolchain=/home/oldpig123/.buildozer/android/platform/android-ndk-r23b/toolchains/llvm/prebuilt/linux-x86_64 --sysroot=/home/oldpig123/.buildozer/android/platform/android-ndk-r23b/toolchains/llvm/prebuilt/linux-x86_64/sysroot   -g -DANDROID -fdata-sections -ffunction-sections -funwind-tables -fstack-protector-strong -no-canonical-prefixes -D_FORTIFY_SOURCE=2 -Wformat -Werror=format-security   -fPIE   -o CMakeFiles/cmTC_042e9.dir/SIZE_T.c.o   -c /home/oldpig123/lock_client/.buildozer/android/platform/build-arm64-v8a_armeabi-v7a/build/other_builds/jpeg/arm64-v8a__ndk_target_21/jpeg/CMakeFiles/CheckTypeSize/SIZE_T.c
Linking C executable cmTC_042e9
/usr/bin/cmake -E cmake_link_script CMakeFiles/cmTC_042e9.dir/link.txt --verbose=1
/home/oldpig123/.buildozer/android/platform/android-ndk-r23b/toolchains/llvm/prebuilt/linux-x86_64/bin/clang --target=aarch64-none-linux-android21 --gcc-toolchain=/home/oldpig123/.buildozer/android/platform/android-ndk-r23b/toolchains/llvm/prebuilt/linux-x86_64 --sysroot=/home/oldpig123/.buildozer/android/platform/android-ndk-r23b/toolchains/llvm/prebuilt/linux-x86_64/sysroot -g -DANDROID -fdata-sections -ffunction-sections -funwind-tables -fstack-protector-strong -no-canonical-prefixes -D_FORTIFY_SOURCE=2 -Wformat -Werror=format-security    -static-libstdc++ -Wl,--build-id=sha1 -Wl,--no-rosegment -Wl,--fatal-warnings -Wl,--no-undefined -Qunused-arguments -Wl,--gc-sections   CMakeFiles/cmTC_042e9.dir/SIZE_T.c.o  -o cmTC_042e9  -latomic -lm 
make[1]: Leaving directory '/home/oldpig123/lock_client/.buildozer/android/platform/build-arm64-v8a_armeabi-v7a/build/other_builds/jpeg/arm64-v8a__ndk_target_21/jpeg/CMakeFiles/CMakeTmp'



Determining size of unsigned long passed with the following output:
Change Dir: /home/oldpig123/lock_client/.buildozer/android/platform/build-arm64-v8a_armeabi-v7a/build/other_builds/jpeg/arm64-v8a__ndk_target_21/jpeg/CMakeFiles/CMakeTmp

Run Build Command(s):/usr/bin/make cmTC_6faee/fast && make -j12 -f CMakeFiles/cmTC_6faee.dir/build.make CMakeFiles/cmTC_6faee.dir/build
make[1]: Entering directory '/home/oldpig123/lock_client/.buildozer/android/platform/build-arm64-v8a_armeabi-v7a/build/other_builds/jpeg/arm64-v8a__ndk_target_21/jpeg/CMakeFiles/CMakeTmp'
Building C object CMakeFiles/cmTC_6faee.dir/UNSIGNED_LONG.c.o
/home/oldpig123/.buildozer/android/platform/android-ndk-r23b/toolchains/llvm/prebuilt/linux-x86_64/bin/clang --target=aarch64-none-linux-android21 --gcc-toolchain=/home/oldpig123/.buildozer/android/platform/android-ndk-r23b/toolchains/llvm/prebuilt/linux-x86_64 --sysroot=/home/oldpig123/.buildozer/android/platform/android-ndk-r23b/toolchains/llvm/prebuilt/linux-x86_64/sysroot   -g -DANDROID -fdata-sections -ffunction-sections -funwind-tables -fstack-protector-strong -no-canonical-prefixes -D_FORTIFY_SOURCE=2 -Wformat -Werror=format-security   -fPIE   -o CMakeFiles/cmTC_6faee.dir/UNSIGNED_LONG.c.o   -c /home/oldpig123/lock_client/.buildozer/android/platform/build-arm64-v8a_armeabi-v7a/build/other_builds/jpeg/arm64-v8a__ndk_target_21/jpeg/CMakeFiles/CheckTypeSize/UNSIGNED_LONG.c
Linking C executable cmTC_6faee
/usr/bin/cmake -E cmake_link_script CMakeFiles/cmTC_6faee.dir/link.txt --verbose=1
/home/oldpig123/.buildozer/android/platform/android-ndk-r23b/toolchains/llvm/prebuilt/linux-x86_64/bin/clang --target=aarch64-none-linux-android21 --gcc-toolchain=/home/oldpig123/.buildozer/android/platform/android-ndk-r23b/toolchains/llvm/prebuilt/linux-x86_64 --sysroot=/home/oldpig123/.buildozer/android/platform/android-ndk-r23b/toolchains/llvm/prebuilt/linux-x86_64/sysroot -g -DANDROID -fdata-sections -ffunction-sections -funwind-tables -fstack-protector-strong -no-canonical-prefixes -D_FORTIFY_SOURCE=2 -Wformat -Werror=format-security    -static-libstdc++ -Wl,--build-id=sha1 -Wl,--no-rosegment -Wl,--fatal-warnings -Wl,--no-undefined -Qunused-arguments -Wl,--gc-sections   CMakeFiles/cmTC_6faee.dir/UNSIGNED_LONG.c.o  -o cmTC_6faee  -latomic -lm 
make[1]: Leaving directory '/home/oldpig123/lock_client/.buildozer/android/platform/build-arm64-v8a_armeabi-v7a/build/other_builds/jpeg/arm64-v8a__ndk_target_21/jpeg/CMakeFiles/CMakeTmp'



Performing C SOURCE FILE Test HAVE_BUILTIN_CTZL succeeded with the following output:
Change Dir: /home/oldpig123/lock_client/.buildozer/android/platform/build-arm64-v8a_armeabi-v7a/build/other_builds/jpeg/arm64-v8a__ndk_target_21/jpeg/CMakeFiles/CMakeTmp

Run Build Command(s):/usr/bin/make cmTC_f97ca/fast && make -j12 -f CMakeFiles/cmTC_f97ca.dir/build.make CMakeFiles/cmTC_f97ca.dir/build
make[1]: Entering directory '/home/oldpig123/lock_client/.buildozer/android/platform/build-arm64-v8a_armeabi-v7a/build/other_builds/jpeg/arm64-v8a__ndk_target_21/jpeg/CMakeFiles/CMakeTmp'
Building C object CMakeFiles/cmTC_f97ca.dir/src.c.o
/home/oldpig123/.buildozer/android/platform/android-ndk-r23b/toolchains/llvm/prebuilt/linux-x86_64/bin/clang --target=aarch64-none-linux-android21 --gcc-toolchain=/home/oldpig123/.buildozer/android/platform/android-ndk-r23b/toolchains/llvm/prebuilt/linux-x86_64 --sysroot=/home/oldpig123/.buildozer/android/platform/android-ndk-r23b/toolchains/llvm/prebuilt/linux-x86_64/sysroot   -g -DANDROID -fdata-sections -ffunction-sections -funwind-tables -fstack-protector-strong -no-canonical-prefixes -D_FORTIFY_SOURCE=2 -Wformat -Werror=format-security  -DHAVE_BUILTIN_CTZL -fPIE   -o CMakeFiles/cmTC_f97ca.dir/src.c.o   -c /home/oldpig123/lock_client/.buildozer/android/platform/build-arm64-v8a_armeabi-v7a/build/other_builds/jpeg/arm64-v8a__ndk_target_21/jpeg/CMakeFiles/CMakeTmp/src.c
Linking C executable cmTC_f97ca
/usr/bin/cmake -E cmake_link_script CMakeFiles/cmTC_f97ca.dir/link.txt --verbose=1
/home/oldpig123/.buildozer/android/platform/android-ndk-r23b/toolchains/llvm/prebuilt/linux-x86_64/bin/clang --target=aarch64-none-linux-android21 --gcc-toolchain=/home/oldpig123/.buildozer/android/platform/android-ndk-r23b/toolchains/llvm/prebuilt/linux-x86_64 --sysroot=/home/oldpig123/.buildozer/android/platform/android-ndk-r23b/toolchains/llvm/prebuilt/linux-x86_64/sysroot -g -DANDROID -fdata-sections -ffunction-sections -funwind-tables -fstack-protector-strong -no-canonical-prefixes -D_FORTIFY_SOURCE=2 -Wformat -Werror=format-security  -DHAVE_BUILTIN_CTZL  -static-libstdc++ -Wl,--build-id=sha1 -Wl,--no-rosegment -Wl,--fatal-warnings -Wl,--no-undefined -Qunused-arguments -Wl,--gc-sections   CMakeFiles/cmTC_f97ca.dir/src.c.o  -o cmTC_f97ca  -latomic -lm 
make[1]: Leaving directory '/home/oldpig123/lock_client/.buildozer/android/platform/build-arm64-v8a_armeabi-v7a/build/other_builds/jpeg/arm64-v8a__ndk_target_21/jpeg/CMakeFiles/CMakeTmp'


Source file was:
int main(int argc, char **argv) { unsigned long a = argc;  return __builtin_ctzl(a); }
Determining if files locale.h exist passed with the following output:
Change Dir: /home/oldpig123/lock_client/.buildozer/android/platform/build-arm64-v8a_armeabi-v7a/build/other_builds/jpeg/arm64-v8a__ndk_target_21/jpeg/CMakeFiles/CMakeTmp

Run Build Command(s):/usr/bin/make cmTC_414ed/fast && make -j12 -f CMakeFiles/cmTC_414ed.dir/build.make CMakeFiles/cmTC_414ed.dir/build
make[1]: Entering directory '/home/oldpig123/lock_client/.buildozer/android/platform/build-arm64-v8a_armeabi-v7a/build/other_builds/jpeg/arm64-v8a__ndk_target_21/jpeg/CMakeFiles/CMakeTmp'
Building C object CMakeFiles/cmTC_414ed.dir/HAVE_LOCALE_H.c.o
/home/oldpig123/.buildozer/android/platform/android-ndk-r23b/toolchains/llvm/prebuilt/linux-x86_64/bin/clang --target=aarch64-none-linux-android21 --gcc-toolchain=/home/oldpig123/.buildozer/android/platform/android-ndk-r23b/toolchains/llvm/prebuilt/linux-x86_64 --sysroot=/home/oldpig123/.buildozer/android/platform/android-ndk-r23b/toolchains/llvm/prebuilt/linux-x86_64/sysroot   -g -DANDROID -fdata-sections -ffunction-sections -funwind-tables -fstack-protector-strong -no-canonical-prefixes -D_FORTIFY_SOURCE=2 -Wformat -Werror=format-security   -fPIE   -o CMakeFiles/cmTC_414ed.dir/HAVE_LOCALE_H.c.o   -c /home/oldpig123/lock_client/.buildozer/android/platform/build-arm64-v8a_armeabi-v7a/build/other_builds/jpeg/arm64-v8a__ndk_target_21/jpeg/CMakeFiles/CheckIncludeFiles/HAVE_LOCALE_H.c
Linking C executable cmTC_414ed
/usr/bin/cmake -E cmake_link_script CMakeFiles/cmTC_414ed.dir/link.txt --verbose=1
/home/oldpig123/.buildozer/android/platform/android-ndk-r23b/toolchains/llvm/prebuilt/linux-x86_64/bin/clang --target=aarch64-none-linux-android21 --gcc-toolchain=/home/oldpig123/.buildozer/android/platform/android-ndk-r23b/toolchains/llvm/prebuilt/linux-x86_64 --sysroot=/home/oldpig123/.buildozer/android/platform/android-ndk-r23b/toolchains/llvm/prebuilt/linux-x86_64/sysroot -g -DANDROID -fdata-sections -ffunction-sections -funwind-tables -fstack-protector-strong -no-canonical-prefixes -D_FORTIFY_SOURCE=2 -Wformat -Werror=format-security    -static-libstdc++ -Wl,--build-id=sha1 -Wl,--no-rosegment -Wl,--fatal-warnings -Wl,--no-undefined -Qunused-arguments -Wl,--gc-sections   CMakeFiles/cmTC_414ed.dir/HAVE_LOCALE_H.c.o  -o cmTC_414ed  -latomic -lm 
make[1]: Leaving directory '/home/oldpig123/lock_client/.buildozer/android/platform/build-arm64-v8a_armeabi-v7a/build/other_builds/jpeg/arm64-v8a__ndk_target_21/jpeg/CMakeFiles/CMakeTmp'



Determining if files stdlib.h exist passed with the following output:
Change Dir: /home/oldpig123/lock_client/.buildozer/android/platform/build-arm64-v8a_armeabi-v7a/build/other_builds/jpeg/arm64-v8a__ndk_target_21/jpeg/CMakeFiles/CMakeTmp

Run Build Command(s):/usr/bin/make cmTC_c1113/fast && make -j12 -f CMakeFiles/cmTC_c1113.dir/build.make CMakeFiles/cmTC_c1113.dir/build
make[1]: Entering directory '/home/oldpig123/lock_client/.buildozer/android/platform/build-arm64-v8a_armeabi-v7a/build/other_builds/jpeg/arm64-v8a__ndk_target_21/jpeg/CMakeFiles/CMakeTmp'
Building C object CMakeFiles/cmTC_c1113.dir/HAVE_STDLIB_H.c.o
/home/oldpig123/.buildozer/android/platform/android-ndk-r23b/toolchains/llvm/prebuilt/linux-x86_64/bin/clang --target=aarch64-none-linux-android21 --gcc-toolchain=/home/oldpig123/.buildozer/android/platform/android-ndk-r23b/toolchains/llvm/prebuilt/linux-x86_64 --sysroot=/home/oldpig123/.buildozer/android/platform/android-ndk-r23b/toolchains/llvm/prebuilt/linux-x86_64/sysroot   -g -DANDROID -fdata-sections -ffunction-sections -funwind-tables -fstack-protector-strong -no-canonical-prefixes -D_FORTIFY_SOURCE=2 -Wformat -Werror=format-security   -fPIE   -o CMakeFiles/cmTC_c1113.dir/HAVE_STDLIB_H.c.o   -c /home/oldpig123/lock_client/.buildozer/android/platform/build-arm64-v8a_armeabi-v7a/build/other_builds/jpeg/arm64-v8a__ndk_target_21/jpeg/CMakeFiles/CheckIncludeFiles/HAVE_STDLIB_H.c
Linking C executable cmTC_c1113
/usr/bin/cmake -E cmake_link_script CMakeFiles/cmTC_c1113.dir/link.txt --verbose=1
/home/oldpig123/.buildozer/android/platform/android-ndk-r23b/toolchains/llvm/prebuilt/linux-x86_64/bin/clang --target=aarch64-none-linux-android21 --gcc-toolchain=/home/oldpig123/.buildozer/android/platform/android-ndk-r23b/toolchains/llvm/prebuilt/linux-x86_64 --sysroot=/home/oldpig123/.buildozer/android/platform/android-ndk-r23b/toolchains/llvm/prebuilt/linux-x86_64/sysroot -g -DANDROID -fdata-sections -ffunction-sections -funwind-tables -fstack-protector-strong -no-canonical-prefixes -D_FORTIFY_SOURCE=2 -Wformat -Werror=format-security    -static-libstdc++ -Wl,--build-id=sha1 -Wl,--no-rosegment -Wl,--fatal-warnings -Wl,--no-undefined -Qunused-arguments -Wl,--gc-sections   CMakeFiles/cmTC_c1113.dir/HAVE_STDLIB_H.c.o  -o cmTC_c1113  -latomic -lm 
make[1]: Leaving directory '/home/oldpig123/lock_client/.buildozer/android/platform/build-arm64-v8a_armeabi-v7a/build/other_builds/jpeg/arm64-v8a__ndk_target_21/jpeg/CMakeFiles/CMakeTmp'



Determining if files sys/types.h exist passed with the following output:
Change Dir: /home/oldpig123/lock_client/.buildozer/android/platform/build-arm64-v8a_armeabi-v7a/build/other_builds/jpeg/arm64-v8a__ndk_target_21/jpeg/CMakeFiles/CMakeTmp

Run Build Command(s):/usr/bin/make cmTC_dd0f6/fast && make -j12 -f CMakeFiles/cmTC_dd0f6.dir/build.make CMakeFiles/cmTC_dd0f6.dir/build
make[1]: Entering directory '/home/oldpig123/lock_client/.buildozer/android/platform/build-arm64-v8a_armeabi-v7a/build/other_builds/jpeg/arm64-v8a__ndk_target_21/jpeg/CMakeFiles/CMakeTmp'
Building C object CMakeFiles/cmTC_dd0f6.dir/NEED_SYS_TYPES_H.c.o
/home/oldpig123/.buildozer/android/platform/android-ndk-r23b/toolchains/llvm/prebuilt/linux-x86_64/bin/clang --target=aarch64-none-linux-android21 --gcc-toolchain=/home/oldpig123/.buildozer/android/platform/android-ndk-r23b/toolchains/llvm/prebuilt/linux-x86_64 --sysroot=/home/oldpig123/.buildozer/android/platform/android-ndk-r23b/toolchains/llvm/prebuilt/linux-x86_64/sysroot   -g -DANDROID -fdata-sections -ffunction-sections -funwind-tables -fstack-protector-strong -no-canonical-prefixes -D_FORTIFY_SOURCE=2 -Wformat -Werror=format-security   -fPIE   -o CMakeFiles/cmTC_dd0f6.dir/NEED_SYS_TYPES_H.c.o   -c /home/oldpig123/lock_client/.buildozer/android/platform/build-arm64-v8a_armeabi-v7a/build/other_builds/jpeg/arm64-v8a__ndk_target_21/jpeg/CMakeFiles/CheckIncludeFiles/NEED_SYS_TYPES_H.c
Linking C executable cmTC_dd0f6
/usr/bin/cmake -E cmake_link_script CMakeFiles/cmTC_dd0f6.dir/link.txt --verbose=1
/home/oldpig123/.buildozer/android/platform/android-ndk-r23b/toolchains/llvm/prebuilt/linux-x86_64/bin/clang --target=aarch64-none-linux-android21 --gcc-toolchain=/home/oldpig123/.buildozer/android/platform/android-ndk-r23b/toolchains/llvm/prebuilt/linux-x86_64 --sysroot=/home/oldpig123/.buildozer/android/platform/android-ndk-r23b/toolchains/llvm/prebuilt/linux-x86_64/sysroot -g -DANDROID -fdata-sections -ffunction-sections -funwind-tables -fstack-protector-strong -no-canonical-prefixes -D_FORTIFY_SOURCE=2 -Wformat -Werror=format-security    -static-libstdc++ -Wl,--build-id=sha1 -Wl,--no-rosegment -Wl,--fatal-warnings -Wl,--no-undefined -Qunused-arguments -Wl,--gc-sections   CMakeFiles/cmTC_dd0f6.dir/NEED_SYS_TYPES_H.c.o  -o cmTC_dd0f6  -latomic -lm 
make[1]: Leaving directory '/home/oldpig123/lock_client/.buildozer/android/platform/build-arm64-v8a_armeabi-v7a/build/other_builds/jpeg/arm64-v8a__ndk_target_21/jpeg/CMakeFiles/CMakeTmp'



Determining if the memset exist passed with the following output:
Change Dir: /home/oldpig123/lock_client/.buildozer/android/platform/build-arm64-v8a_armeabi-v7a/build/other_builds/jpeg/arm64-v8a__ndk_target_21/jpeg/CMakeFiles/CMakeTmp

Run Build Command(s):/usr/bin/make cmTC_92bd0/fast && make -j12 -f CMakeFiles/cmTC_92bd0.dir/build.make CMakeFiles/cmTC_92bd0.dir/build
make[1]: Entering directory '/home/oldpig123/lock_client/.buildozer/android/platform/build-arm64-v8a_armeabi-v7a/build/other_builds/jpeg/arm64-v8a__ndk_target_21/jpeg/CMakeFiles/CMakeTmp'
Building C object CMakeFiles/cmTC_92bd0.dir/CheckSymbolExists.c.o
/home/oldpig123/.buildozer/android/platform/android-ndk-r23b/toolchains/llvm/prebuilt/linux-x86_64/bin/clang --target=aarch64-none-linux-android21 --gcc-toolchain=/home/oldpig123/.buildozer/android/platform/android-ndk-r23b/toolchains/llvm/prebuilt/linux-x86_64 --sysroot=/home/oldpig123/.buildozer/android/platform/android-ndk-r23b/toolchains/llvm/prebuilt/linux-x86_64/sysroot   -g -DANDROID -fdata-sections -ffunction-sections -funwind-tables -fstack-protector-strong -no-canonical-prefixes -D_FORTIFY_SOURCE=2 -Wformat -Werror=format-security   -fPIE   -o CMakeFiles/cmTC_92bd0.dir/CheckSymbolExists.c.o   -c /home/oldpig123/lock_client/.buildozer/android/platform/build-arm64-v8a_armeabi-v7a/build/other_builds/jpeg/arm64-v8a__ndk_target_21/jpeg/CMakeFiles/CMakeTmp/CheckSymbolExists.c
Linking C executable cmTC_92bd0
/usr/bin/cmake -E cmake_link_script CMakeFiles/cmTC_92bd0.dir/link.txt --verbose=1
/home/oldpig123/.buildozer/android/platform/android-ndk-r23b/toolchains/llvm/prebuilt/linux-x86_64/bin/clang --target=aarch64-none-linux-android21 --gcc-toolchain=/home/oldpig123/.buildozer/android/platform/android-ndk-r23b/toolchains/llvm/prebuilt/linux-x86_64 --sysroot=/home/oldpig123/.buildozer/android/platform/android-ndk-r23b/toolchains/llvm/prebuilt/linux-x86_64/sysroot -g -DANDROID -fdata-sections -ffunction-sections -funwind-tables -fstack-protector-strong -no-canonical-prefixes -D_FORTIFY_SOURCE=2 -Wformat -Werror=format-security    -static-libstdc++ -Wl,--build-id=sha1 -Wl,--no-rosegment -Wl,--fatal-warnings -Wl,--no-undefined -Qunused-arguments -Wl,--gc-sections   CMakeFiles/cmTC_92bd0.dir/CheckSymbolExists.c.o  -o cmTC_92bd0  -latomic -lm 
make[1]: Leaving directory '/home/oldpig123/lock_client/.buildozer/android/platform/build-arm64-v8a_armeabi-v7a/build/other_builds/jpeg/arm64-v8a__ndk_target_21/jpeg/CMakeFiles/CMakeTmp'


File /home/oldpig123/lock_client/.buildozer/android/platform/build-arm64-v8a_armeabi-v7a/build/other_builds/jpeg/arm64-v8a__ndk_target_21/jpeg/CMakeFiles/CMakeTmp/CheckSymbolExists.c:
/* */
#include <string.h>

int main(int argc, char** argv)
{
  (void)argv;
#ifndef memset
  return ((int*)(&memset))[argc];
#else
  (void)argc;
  return 0;
#endif
}
Determining if the memcpy exist passed with the following output:
Change Dir: /home/oldpig123/lock_client/.buildozer/android/platform/build-arm64-v8a_armeabi-v7a/build/other_builds/jpeg/arm64-v8a__ndk_target_21/jpeg/CMakeFiles/CMakeTmp

Run Build Command(s):/usr/bin/make cmTC_f795e/fast && make -j12 -f CMakeFiles/cmTC_f795e.dir/build.make CMakeFiles/cmTC_f795e.dir/build
make[1]: Entering directory '/home/oldpig123/lock_client/.buildozer/android/platform/build-arm64-v8a_armeabi-v7a/build/other_builds/jpeg/arm64-v8a__ndk_target_21/jpeg/CMakeFiles/CMakeTmp'
Building C object CMakeFiles/cmTC_f795e.dir/CheckSymbolExists.c.o
/home/oldpig123/.buildozer/android/platform/android-ndk-r23b/toolchains/llvm/prebuilt/linux-x86_64/bin/clang --target=aarch64-none-linux-android21 --gcc-toolchain=/home/oldpig123/.buildozer/android/platform/android-ndk-r23b/toolchains/llvm/prebuilt/linux-x86_64 --sysroot=/home/oldpig123/.buildozer/android/platform/android-ndk-r23b/toolchains/llvm/prebuilt/linux-x86_64/sysroot   -g -DANDROID -fdata-sections -ffunction-sections -funwind-tables -fstack-protector-strong -no-canonical-prefixes -D_FORTIFY_SOURCE=2 -Wformat -Werror=format-security   -fPIE   -o CMakeFiles/cmTC_f795e.dir/CheckSymbolExists.c.o   -c /home/oldpig123/lock_client/.buildozer/android/platform/build-arm64-v8a_armeabi-v7a/build/other_builds/jpeg/arm64-v8a__ndk_target_21/jpeg/CMakeFiles/CMakeTmp/CheckSymbolExists.c
Linking C executable cmTC_f795e
/usr/bin/cmake -E cmake_link_script CMakeFiles/cmTC_f795e.dir/link.txt --verbose=1
/home/oldpig123/.buildozer/android/platform/android-ndk-r23b/toolchains/llvm/prebuilt/linux-x86_64/bin/clang --target=aarch64-none-linux-android21 --gcc-toolchain=/home/oldpig123/.buildozer/android/platform/android-ndk-r23b/toolchains/llvm/prebuilt/linux-x86_64 --sysroot=/home/oldpig123/.buildozer/android/platform/android-ndk-r23b/toolchains/llvm/prebuilt/linux-x86_64/sysroot -g -DANDROID -fdata-sections -ffunction-sections -funwind-tables -fstack-protector-strong -no-canonical-prefixes -D_FORTIFY_SOURCE=2 -Wformat -Werror=format-security    -static-libstdc++ -Wl,--build-id=sha1 -Wl,--no-rosegment -Wl,--fatal-warnings -Wl,--no-undefined -Qunused-arguments -Wl,--gc-sections   CMakeFiles/cmTC_f795e.dir/CheckSymbolExists.c.o  -o cmTC_f795e  -latomic -lm 
make[1]: Leaving directory '/home/oldpig123/lock_client/.buildozer/android/platform/build-arm64-v8a_armeabi-v7a/build/other_builds/jpeg/arm64-v8a__ndk_target_21/jpeg/CMakeFiles/CMakeTmp'


File /home/oldpig123/lock_client/.buildozer/android/platform/build-arm64-v8a_armeabi-v7a/build/other_builds/jpeg/arm64-v8a__ndk_target_21/jpeg/CMakeFiles/CMakeTmp/CheckSymbolExists.c:
/* */
#include <string.h>

int main(int argc, char** argv)
{
  (void)argv;
#ifndef memcpy
  return ((int*)(&memcpy))[argc];
#else
  (void)argc;
  return 0;
#endif
}
Determining size of unsigned char passed with the following output:
Change Dir: /home/oldpig123/lock_client/.buildozer/android/platform/build-arm64-v8a_armeabi-v7a/build/other_builds/jpeg/arm64-v8a__ndk_target_21/jpeg/CMakeFiles/CMakeTmp

Run Build Command(s):/usr/bin/make cmTC_51929/fast && make -j12 -f CMakeFiles/cmTC_51929.dir/build.make CMakeFiles/cmTC_51929.dir/build
make[1]: Entering directory '/home/oldpig123/lock_client/.buildozer/android/platform/build-arm64-v8a_armeabi-v7a/build/other_builds/jpeg/arm64-v8a__ndk_target_21/jpeg/CMakeFiles/CMakeTmp'
Building C object CMakeFiles/cmTC_51929.dir/UNSIGNED_CHAR.c.o
/home/oldpig123/.buildozer/android/platform/android-ndk-r23b/toolchains/llvm/prebuilt/linux-x86_64/bin/clang --target=aarch64-none-linux-android21 --gcc-toolchain=/home/oldpig123/.buildozer/android/platform/android-ndk-r23b/toolchains/llvm/prebuilt/linux-x86_64 --sysroot=/home/oldpig123/.buildozer/android/platform/android-ndk-r23b/toolchains/llvm/prebuilt/linux-x86_64/sysroot   -g -DANDROID -fdata-sections -ffunction-sections -funwind-tables -fstack-protector-strong -no-canonical-prefixes -D_FORTIFY_SOURCE=2 -Wformat -Werror=format-security   -fPIE   -o CMakeFiles/cmTC_51929.dir/UNSIGNED_CHAR.c.o   -c /home/oldpig123/lock_client/.buildozer/android/platform/build-arm64-v8a_armeabi-v7a/build/other_builds/jpeg/arm64-v8a__ndk_target_21/jpeg/CMakeFiles/CheckTypeSize/UNSIGNED_CHAR.c
Linking C executable cmTC_51929
/usr/bin/cmake -E cmake_link_script CMakeFiles/cmTC_51929.dir/link.txt --verbose=1
/home/oldpig123/.buildozer/android/platform/android-ndk-r23b/toolchains/llvm/prebuilt/linux-x86_64/bin/clang --target=aarch64-none-linux-android21 --gcc-toolchain=/home/oldpig123/.buildozer/android/platform/android-ndk-r23b/toolchains/llvm/prebuilt/linux-x86_64 --sysroot=/home/oldpig123/.buildozer/android/platform/android-ndk-r23b/toolchains/llvm/prebuilt/linux-x86_64/sysroot -g -DANDROID -fdata-sections -ffunction-sections -funwind-tables -fstack-protector-strong -no-canonical-prefixes -D_FORTIFY_SOURCE=2 -Wformat -Werror=format-security    -static-libstdc++ -Wl,--build-id=sha1 -Wl,--no-rosegment -Wl,--fatal-warnings -Wl,--no-undefined -Qunused-arguments -Wl,--gc-sections   CMakeFiles/cmTC_51929.dir/UNSIGNED_CHAR.c.o  -o cmTC_51929  -latomic -lm 
make[1]: Leaving directory '/home/oldpig123/lock_client/.buildozer/android/platform/build-arm64-v8a_armeabi-v7a/build/other_builds/jpeg/arm64-v8a__ndk_target_21/jpeg/CMakeFiles/CMakeTmp'



Determining size of unsigned short passed with the following output:
Change Dir: /home/oldpig123/lock_client/.buildozer/android/platform/build-arm64-v8a_armeabi-v7a/build/other_builds/jpeg/arm64-v8a__ndk_target_21/jpeg/CMakeFiles/CMakeTmp

Run Build Command(s):/usr/bin/make cmTC_7bf65/fast && make -j12 -f CMakeFiles/cmTC_7bf65.dir/build.make CMakeFiles/cmTC_7bf65.dir/build
make[1]: Entering directory '/home/oldpig123/lock_client/.buildozer/android/platform/build-arm64-v8a_armeabi-v7a/build/other_builds/jpeg/arm64-v8a__ndk_target_21/jpeg/CMakeFiles/CMakeTmp'
Building C object CMakeFiles/cmTC_7bf65.dir/UNSIGNED_SHORT.c.o
/home/oldpig123/.buildozer/android/platform/android-ndk-r23b/toolchains/llvm/prebuilt/linux-x86_64/bin/clang --target=aarch64-none-linux-android21 --gcc-toolchain=/home/oldpig123/.buildozer/android/platform/android-ndk-r23b/toolchains/llvm/prebuilt/linux-x86_64 --sysroot=/home/oldpig123/.buildozer/android/platform/android-ndk-r23b/toolchains/llvm/prebuilt/linux-x86_64/sysroot   -g -DANDROID -fdata-sections -ffunction-sections -funwind-tables -fstack-protector-strong -no-canonical-prefixes -D_FORTIFY_SOURCE=2 -Wformat -Werror=format-security   -fPIE   -o CMakeFiles/cmTC_7bf65.dir/UNSIGNED_SHORT.c.o   -c /home/oldpig123/lock_client/.buildozer/android/platform/build-arm64-v8a_armeabi-v7a/build/other_builds/jpeg/arm64-v8a__ndk_target_21/jpeg/CMakeFiles/CheckTypeSize/UNSIGNED_SHORT.c
Linking C executable cmTC_7bf65
/usr/bin/cmake -E cmake_link_script CMakeFiles/cmTC_7bf65.dir/link.txt --verbose=1
/home/oldpig123/.buildozer/android/platform/android-ndk-r23b/toolchains/llvm/prebuilt/linux-x86_64/bin/clang --target=aarch64-none-linux-android21 --gcc-toolchain=/home/oldpig123/.buildozer/android/platform/android-ndk-r23b/toolchains/llvm/prebuilt/linux-x86_64 --sysroot=/home/oldpig123/.buildozer/android/platform/android-ndk-r23b/toolchains/llvm/prebuilt/linux-x86_64/sysroot -g -DANDROID -fdata-sections -ffunction-sections -funwind-tables -fstack-protector-strong -no-canonical-prefixes -D_FORTIFY_SOURCE=2 -Wformat -Werror=format-security    -static-libstdc++ -Wl,--build-id=sha1 -Wl,--no-rosegment -Wl,--fatal-warnings -Wl,--no-undefined -Qunused-arguments -Wl,--gc-sections   CMakeFiles/cmTC_7bf65.dir/UNSIGNED_SHORT.c.o  -o cmTC_7bf65  -latomic -lm 
make[1]: Leaving directory '/home/oldpig123/lock_client/.buildozer/android/platform/build-arm64-v8a_armeabi-v7a/build/other_builds/jpeg/arm64-v8a__ndk_target_21/jpeg/CMakeFiles/CMakeTmp'



Performing C SOURCE FILE Test INCOMPLETE_TYPES succeeded with the following output:
Change Dir: /home/oldpig123/lock_client/.buildozer/android/platform/build-arm64-v8a_armeabi-v7a/build/other_builds/jpeg/arm64-v8a__ndk_target_21/jpeg/CMakeFiles/CMakeTmp

Run Build Command(s):/usr/bin/make cmTC_77db4/fast && make -j12 -f CMakeFiles/cmTC_77db4.dir/build.make CMakeFiles/cmTC_77db4.dir/build
make[1]: Entering directory '/home/oldpig123/lock_client/.buildozer/android/platform/build-arm64-v8a_armeabi-v7a/build/other_builds/jpeg/arm64-v8a__ndk_target_21/jpeg/CMakeFiles/CMakeTmp'
Building C object CMakeFiles/cmTC_77db4.dir/src.c.o
/home/oldpig123/.buildozer/android/platform/android-ndk-r23b/toolchains/llvm/prebuilt/linux-x86_64/bin/clang --target=aarch64-none-linux-android21 --gcc-toolchain=/home/oldpig123/.buildozer/android/platform/android-ndk-r23b/toolchains/llvm/prebuilt/linux-x86_64 --sysroot=/home/oldpig123/.buildozer/android/platform/android-ndk-r23b/toolchains/llvm/prebuilt/linux-x86_64/sysroot   -g -DANDROID -fdata-sections -ffunction-sections -funwind-tables -fstack-protector-strong -no-canonical-prefixes -D_FORTIFY_SOURCE=2 -Wformat -Werror=format-security  -DINCOMPLETE_TYPES -fPIE   -o CMakeFiles/cmTC_77db4.dir/src.c.o   -c /home/oldpig123/lock_client/.buildozer/android/platform/build-arm64-v8a_armeabi-v7a/build/other_builds/jpeg/arm64-v8a__ndk_target_21/jpeg/CMakeFiles/CMakeTmp/src.c
Linking C executable cmTC_77db4
/usr/bin/cmake -E cmake_link_script CMakeFiles/cmTC_77db4.dir/link.txt --verbose=1
/home/oldpig123/.buildozer/android/platform/android-ndk-r23b/toolchains/llvm/prebuilt/linux-x86_64/bin/clang --target=aarch64-none-linux-android21 --gcc-toolchain=/home/oldpig123/.buildozer/android/platform/android-ndk-r23b/toolchains/llvm/prebuilt/linux-x86_64 --sysroot=/home/oldpig123/.buildozer/android/platform/android-ndk-r23b/toolchains/llvm/prebuilt/linux-x86_64/sysroot -g -DANDROID -fdata-sections -ffunction-sections -funwind-tables -fstack-protector-strong -no-canonical-prefixes -D_FORTIFY_SOURCE=2 -Wformat -Werror=format-security  -DINCOMPLETE_TYPES  -static-libstdc++ -Wl,--build-id=sha1 -Wl,--no-rosegment -Wl,--fatal-warnings -Wl,--no-undefined -Qunused-arguments -Wl,--gc-sections   CMakeFiles/cmTC_77db4.dir/src.c.o  -o cmTC_77db4  -latomic -lm 
make[1]: Leaving directory '/home/oldpig123/lock_client/.buildozer/android/platform/build-arm64-v8a_armeabi-v7a/build/other_builds/jpeg/arm64-v8a__ndk_target_21/jpeg/CMakeFiles/CMakeTmp'


Source file was:
int main(void) { typedef struct undefined_structure *undef_struct_ptr;  undef_struct_ptr ptr = 0;  return ptr != 0; }
Performing C SOURCE FILE Test INLINE_WORKS succeeded with the following output:
Change Dir: /home/oldpig123/lock_client/.buildozer/android/platform/build-arm64-v8a_armeabi-v7a/build/other_builds/jpeg/arm64-v8a__ndk_target_21/jpeg/CMakeFiles/CMakeTmp

Run Build Command(s):/usr/bin/make cmTC_fc514/fast && make -j12 -f CMakeFiles/cmTC_fc514.dir/build.make CMakeFiles/cmTC_fc514.dir/build
make[1]: Entering directory '/home/oldpig123/lock_client/.buildozer/android/platform/build-arm64-v8a_armeabi-v7a/build/other_builds/jpeg/arm64-v8a__ndk_target_21/jpeg/CMakeFiles/CMakeTmp'
Building C object CMakeFiles/cmTC_fc514.dir/src.c.o
/home/oldpig123/.buildozer/android/platform/android-ndk-r23b/toolchains/llvm/prebuilt/linux-x86_64/bin/clang --target=aarch64-none-linux-android21 --gcc-toolchain=/home/oldpig123/.buildozer/android/platform/android-ndk-r23b/toolchains/llvm/prebuilt/linux-x86_64 --sysroot=/home/oldpig123/.buildozer/android/platform/android-ndk-r23b/toolchains/llvm/prebuilt/linux-x86_64/sysroot   -g -DANDROID -fdata-sections -ffunction-sections -funwind-tables -fstack-protector-strong -no-canonical-prefixes -D_FORTIFY_SOURCE=2 -Wformat -Werror=format-security  -DINLINE_WORKS -fPIE   -o CMakeFiles/cmTC_fc514.dir/src.c.o   -c /home/oldpig123/lock_client/.buildozer/android/platform/build-arm64-v8a_armeabi-v7a/build/other_builds/jpeg/arm64-v8a__ndk_target_21/jpeg/CMakeFiles/CMakeTmp/src.c
Linking C executable cmTC_fc514
/usr/bin/cmake -E cmake_link_script CMakeFiles/cmTC_fc514.dir/link.txt --verbose=1
/home/oldpig123/.buildozer/android/platform/android-ndk-r23b/toolchains/llvm/prebuilt/linux-x86_64/bin/clang --target=aarch64-none-linux-android21 --gcc-toolchain=/home/oldpig123/.buildozer/android/platform/android-ndk-r23b/toolchains/llvm/prebuilt/linux-x86_64 --sysroot=/home/oldpig123/.buildozer/android/platform/android-ndk-r23b/toolchains/llvm/prebuilt/linux-x86_64/sysroot -g -DANDROID -fdata-sections -ffunction-sections -funwind-tables -fstack-protector-strong -no-canonical-prefixes -D_FORTIFY_SOURCE=2 -Wformat -Werror=format-security  -DINLINE_WORKS  -static-libstdc++ -Wl,--build-id=sha1 -Wl,--no-rosegment -Wl,--fatal-warnings -Wl,--no-undefined -Qunused-arguments -Wl,--gc-sections   CMakeFiles/cmTC_fc514.dir/src.c.o  -o cmTC_fc514  -latomic -lm 
make[1]: Leaving directory '/home/oldpig123/lock_client/.buildozer/android/platform/build-arm64-v8a_armeabi-v7a/build/other_builds/jpeg/arm64-v8a__ndk_target_21/jpeg/CMakeFiles/CMakeTmp'


Source file was:
__inline__ __attribute__((always_inline)) static int foo(void) { return 0; } int main(void) { return foo(); }
Performing C SOURCE FILE Test HAVE_VERSION_SCRIPT succeeded with the following output:
Change Dir: /home/oldpig123/lock_client/.buildozer/android/platform/build-arm64-v8a_armeabi-v7a/build/other_builds/jpeg/arm64-v8a__ndk_target_21/jpeg/CMakeFiles/CMakeTmp

Run Build Command(s):/usr/bin/make cmTC_4ffb5/fast && make -j12 -f CMakeFiles/cmTC_4ffb5.dir/build.make CMakeFiles/cmTC_4ffb5.dir/build
make[1]: Entering directory '/home/oldpig123/lock_client/.buildozer/android/platform/build-arm64-v8a_armeabi-v7a/build/other_builds/jpeg/arm64-v8a__ndk_target_21/jpeg/CMakeFiles/CMakeTmp'
Building C object CMakeFiles/cmTC_4ffb5.dir/src.c.o
/home/oldpig123/.buildozer/android/platform/android-ndk-r23b/toolchains/llvm/prebuilt/linux-x86_64/bin/clang --target=aarch64-none-linux-android21 --gcc-toolchain=/home/oldpig123/.buildozer/android/platform/android-ndk-r23b/toolchains/llvm/prebuilt/linux-x86_64 --sysroot=/home/oldpig123/.buildozer/android/platform/android-ndk-r23b/toolchains/llvm/prebuilt/linux-x86_64/sysroot   -g -DANDROID -fdata-sections -ffunction-sections -funwind-tables -fstack-protector-strong -no-canonical-prefixes -D_FORTIFY_SOURCE=2 -Wformat -Werror=format-security  -DHAVE_VERSION_SCRIPT -Wl,--version-script,/home/oldpig123/lock_client/.buildozer/android/platform/build-arm64-v8a_armeabi-v7a/build/other_builds/jpeg/arm64-v8a__ndk_target_21/jpeg/conftest.map -fPIE   -o CMakeFiles/cmTC_4ffb5.dir/src.c.o   -c /home/oldpig123/lock_client/.buildozer/android/platform/build-arm64-v8a_armeabi-v7a/build/other_builds/jpeg/arm64-v8a__ndk_target_21/jpeg/CMakeFiles/CMakeTmp/src.c
clang: warning: -Wl,--version-script,/home/oldpig123/lock_client/.buildozer/android/platform/build-arm64-v8a_armeabi-v7a/build/other_builds/jpeg/arm64-v8a__ndk_target_21/jpeg/conftest.map: 'linker' input unused [-Wunused-command-line-argument]
Linking C executable cmTC_4ffb5
/usr/bin/cmake -E cmake_link_script CMakeFiles/cmTC_4ffb5.dir/link.txt --verbose=1
/home/oldpig123/.buildozer/android/platform/android-ndk-r23b/toolchains/llvm/prebuilt/linux-x86_64/bin/clang --target=aarch64-none-linux-android21 --gcc-toolchain=/home/oldpig123/.buildozer/android/platform/android-ndk-r23b/toolchains/llvm/prebuilt/linux-x86_64 --sysroot=/home/oldpig123/.buildozer/android/platform/android-ndk-r23b/toolchains/llvm/prebuilt/linux-x86_64/sysroot -g -DANDROID -fdata-sections -ffunction-sections -funwind-tables -fstack-protector-strong -no-canonical-prefixes -D_FORTIFY_SOURCE=2 -Wformat -Werror=format-security  -DHAVE_VERSION_SCRIPT -Wl,--version-script,/home/oldpig123/lock_client/.buildozer/android/platform/build-arm64-v8a_armeabi-v7a/build/other_builds/jpeg/arm64-v8a__ndk_target_21/jpeg/conftest.map  -static-libstdc++ -Wl,--build-id=sha1 -Wl,--no-rosegment -Wl,--fatal-warnings -Wl,--no-undefined -Qunused-arguments -Wl,--gc-sections   CMakeFiles/cmTC_4ffb5.dir/src.c.o  -o cmTC_4ffb5  -latomic -lm 
make[1]: Leaving directory '/home/oldpig123/lock_client/.buildozer/android/platform/build-arm64-v8a_armeabi-v7a/build/other_builds/jpeg/arm64-v8a__ndk_target_21/jpeg/CMakeFiles/CMakeTmp'


Source file was:
int main(void) { return 0; }
Checking whether the ASM compiler is Clang using "--version" matched "(clang version)":
Android (7714059, based on r416183c1) clang version 12.0.8 (https://android.googlesource.com/toolchain/llvm-project c935d99d7cf2016289302412d708641d52d2f7ee)
Target: x86_64-unknown-linux-gnu
Thread model: posix
InstalledDir: /home/oldpig123/.buildozer/android/platform/android-ndk-r23b/toolchains/llvm/prebuilt/linux-x86_64/bin
